[15:59:25] [main/INFO] (LaunchWrapper) Loading tweak class name net.minecraftforge.fml.common.launcher.FMLTweaker
[15:59:25] [main/INFO] (LaunchWrapper) Using primary tweak class name net.minecraftforge.fml.common.launcher.FMLTweaker
[15:59:25] [main/INFO] (LaunchWrapper) Calling tweak class net.minecraftforge.fml.common.launcher.FMLTweaker
[15:59:25] [main/INFO] (FML) Forge Mod Loader version 11.15.1.2318 for Minecraft 1.8.9 loading
[15:59:25] [main/INFO] (FML) Java is OpenJDK 64-Bit Server VM, version 1.8.0_422, running on Mac OS X:aarch64:14.5, installed at /Users/kirillsevcenko/Library/Java/JavaVirtualMachines/liberica-1.8.0_422/jre
[15:59:25] [main/INFO] (FML) Managed to load a deobfuscated Minecraft name- we are in a deobfuscated environment. Skipping runtime deobfuscation
[15:59:25] [main/WARN] (FML) The coremod me.djtheredstoner.devauth.forge.legacy.DevAuthLoadingPlugin does not have a MCVersion annotation, it may cause issues with this version of Minecraft
[15:59:25] [main/INFO] (LaunchWrapper) Loading tweak class name net.minecraftforge.fml.common.launcher.FMLInjectionAndSortingTweaker
[15:59:25] [main/INFO] (LaunchWrapper) Loading tweak class name net.minecraftforge.fml.common.launcher.FMLDeobfTweaker
[15:59:25] [main/INFO] (LaunchWrapper) Calling tweak class net.minecraftforge.fml.common.launcher.FMLInjectionAndSortingTweaker
[15:59:25] [main/INFO] (LaunchWrapper) Calling tweak class net.minecraftforge.fml.common.launcher.FMLInjectionAndSortingTweaker
[15:59:25] [main/INFO] (LaunchWrapper) Calling tweak class net.minecraftforge.fml.relauncher.CoreModManager$FMLPluginWrapper
[15:59:25] [main/ERROR] (FML) The binary patch set is missing. Either you are in a development environment, or things are not going to work!
[15:59:26] [main/ERROR] (FML) FML appears to be missing any signature data. This is not a good thing
[15:59:26] [main/INFO] (LaunchWrapper) Calling tweak class net.minecraftforge.fml.relauncher.CoreModManager$FMLPluginWrapper
[15:59:26] [main/INFO] (LaunchWrapper) Calling tweak class net.minecraftforge.fml.relauncher.CoreModManager$FMLPluginWrapper
[15:59:26] [main/INFO] (LaunchWrapper) Calling tweak class net.minecraftforge.fml.common.launcher.FMLDeobfTweaker
[15:59:26] [main/INFO] (LaunchWrapper) Loading tweak class name net.minecraftforge.fml.common.launcher.TerminalTweaker
[15:59:26] [main/INFO] (LaunchWrapper) Calling tweak class net.minecraftforge.fml.common.launcher.TerminalTweaker
[15:59:26] [main/INFO] (LaunchWrapper) Launching wrapped minecraft {net.minecraft.client.main.Main}
[15:59:26] [main/INFO] (DevAuth) DevAuth disabled, not logging in!
[15:59:26] [main/ERROR] (LaunchWrapper) Unable to launch
java.lang.reflect.InvocationTargetException: null
	at sun.reflect.NativeMethodAccessorImpl.invoke0(Native Method) ~[?:1.8.0_422]
	at sun.reflect.NativeMethodAccessorImpl.invoke(NativeMethodAccessorImpl.java:62) ~[?:1.8.0_422]
	at sun.reflect.DelegatingMethodAccessorImpl.invoke(DelegatingMethodAccessorImpl.java:43) ~[?:1.8.0_422]
	at java.lang.reflect.Method.invoke(Method.java:498) ~[?:1.8.0_422]
	at net.minecraft.launchwrapper.Launch.launch(Launch.java:135) [launchwrapper-1.12.jar:?]
	at net.minecraft.launchwrapper.Launch.main(Launch.java:28) [launchwrapper-1.12.jar:?]
	at net.fabricmc.devlaunchinjector.Main.main(Main.java:86) [dev-launch-injector-0.2.1+build.8.jar:?]
Caused by: java.lang.ExceptionInInitializerError
	at org.lwjgl.Sys.createImplementation(Sys.java:124) ~[lwjgl-2.9.2-nightly-20140822.jar:?]
	at org.lwjgl.Sys.<clinit>(Sys.java:111) ~[lwjgl-2.9.2-nightly-20140822.jar:?]
	at net.minecraft.client.Minecraft.getSystemTime(Minecraft.java:2756) ~[Minecraft.class:?]
	at net.minecraft.client.main.Main.main(Main.java:41) ~[Main.class:?]
	... 7 more
Caused by: java.lang.SecurityException: sealing violation: package org.lwjgl is sealed
	at java.net.URLClassLoader.getAndVerifyPackage(URLClassLoader.java:405) ~[?:1.8.0_422]
	at java.net.URLClassLoader.definePackageInternal(URLClassLoader.java:425) ~[?:1.8.0_422]
	at java.net.URLClassLoader.defineClass(URLClassLoader.java:457) ~[?:1.8.0_422]
	at java.net.URLClassLoader.access$100(URLClassLoader.java:74) ~[?:1.8.0_422]
	at java.net.URLClassLoader$1.run(URLClassLoader.java:369) ~[?:1.8.0_422]
	at java.net.URLClassLoader$1.run(URLClassLoader.java:363) ~[?:1.8.0_422]
	at java.security.AccessController.doPrivileged(Native Method) ~[?:1.8.0_422]
	at java.net.URLClassLoader.findClass(URLClassLoader.java:362) ~[?:1.8.0_422]
	at java.lang.ClassLoader.loadClass(ClassLoader.java:418) ~[?:1.8.0_422]
	at sun.misc.Launcher$AppClassLoader.loadClass(Launcher.java:352) ~[?:1.8.0_422]
	at java.lang.ClassLoader.loadClass(ClassLoader.java:351) ~[?:1.8.0_422]
	at org.lwjgl.LWJGLUtil.loadIcon(LWJGLUtil.java:285) ~[lwjgl-2.9.2-nightly-20140822.jar:?]
	at org.lwjgl.LWJGLUtil.<clinit>(LWJGLUtil.java:259) ~[lwjgl-2.9.2-nightly-20140822.jar:?]
	at org.lwjgl.Sys.createImplementation(Sys.java:124) ~[lwjgl-2.9.2-nightly-20140822.jar:?]
	at org.lwjgl.Sys.<clinit>(Sys.java:111) ~[lwjgl-2.9.2-nightly-20140822.jar:?]
	at net.minecraft.client.Minecraft.getSystemTime(Minecraft.java:2756) ~[Minecraft.class:?]
	at net.minecraft.client.main.Main.main(Main.java:41) ~[Main.class:?]
	... 7 more
[15:59:26] [main/INFO] (STDERR) [java.lang.ThreadGroup:uncaughtException:1052]: net.minecraftforge.fml.relauncher.FMLSecurityManager$ExitTrappedException
[15:59:26] [main/INFO] (STDERR) [java.lang.ThreadGroup:uncaughtException:1052]: 	at net.minecraftforge.fml.relauncher.FMLSecurityManager.checkPermission(FMLSecurityManager.java:30)
[15:59:26] [main/INFO] (STDERR) [java.lang.ThreadGroup:uncaughtException:1052]: 	at java.lang.SecurityManager.checkExit(SecurityManager.java:761)
[15:59:26] [main/INFO] (STDERR) [java.lang.ThreadGroup:uncaughtException:1052]: 	at java.lang.Runtime.exit(Runtime.java:101)
[15:59:26] [main/INFO] (STDERR) [java.lang.ThreadGroup:uncaughtException:1052]: 	at java.lang.System.exit(System.java:987)
[15:59:26] [main/INFO] (STDERR) [java.lang.ThreadGroup:uncaughtException:1052]: 	at net.minecraft.launchwrapper.Launch.launch(Launch.java:138)
[15:59:26] [main/INFO] (STDERR) [java.lang.ThreadGroup:uncaughtException:1052]: 	at net.minecraft.launchwrapper.Launch.main(Launch.java:28)
[15:59:26] [main/INFO] (STDERR) [java.lang.ThreadGroup:uncaughtException:1052]: 	at net.fabricmc.devlaunchinjector.Main.main(Main.java:86)
